Build started 10/19/2015 11:52:30 PM.
     1>Project "C:\Projects\MatchWords\MatchWords.vcxproj" on node 2 (build target(s)).
     1>InitializeBuildStatus:
         Creating "Debug\MatchWords.unsuccessfulbuild" because "AlwaysCreate" was specified.
       ClCompile:
         c:\Program Files (x86)\Microsoft Visual Studio 10.0\VC\bin\CL.exe /c /ZI /nologo /W3 /WX- /Od /Oy- /D WIN32 /D _DEBUG /D _CONSOLE /D _UNICODE /D UNICODE /Gm /EHsc /RTC1 /MDd /GS /fp:precise /Zc:wchar_t /Zc:forScope /Fo"Debug\\" /Fd"Debug\vc100.pdb" /Gd /TP /analyze- /errorReport:prompt MatchWords.cpp
         MatchWords.cpp
       ManifestResourceCompile:
         All outputs are up-to-date.
       Link:
         c:\Program Files (x86)\Microsoft Visual Studio 10.0\VC\bin\link.exe /ERRORREPORT:PROMPT /OUT:"C:\Projects\MatchWords\Debug\MatchWords.exe" /INCREMENTAL /NOLOGO kernel32.lib user32.lib gdi32.lib winspool.lib comdlg32.lib advapi32.lib shell32.lib ole32.lib oleaut32.lib uuid.lib odbc32.lib odbccp32.lib /MANIFEST /ManifestFile:"Debug\MatchWords.exe.intermediate.manifest" /MANIFESTUAC:"level='asInvoker' uiAccess='false'" /DEBUG /PDB:"C:\Projects\MatchWords\Debug\MatchWords.pdb" /SUBSYSTEM:CONSOLE /TLBID:1 /DYNAMICBASE /NXCOMPAT /IMPLIB:"C:\Projects\MatchWords\Debug\MatchWords.lib" /MACHINE:X86 Debug\MatchWords.exe.embed.manifest.res
         Debug\IWlist.obj
         Debug\MatchWords.obj
       Manifest:
         c:\Program Files (x86)\Microsoft SDKs\Windows\v7.0A\bin\mt.exe /nologo /verbose /out:"Debug\MatchWords.exe.embed.manifest" /manifest Debug\MatchWords.exe.intermediate.manifest
         All outputs are up-to-date.
       LinkEmbedManifest:
         All outputs are up-to-date.
         MatchWords.vcxproj -> C:\Projects\MatchWords\Debug\MatchWords.exe
       FinalizeBuildStatus:
         Deleting file "Debug\MatchWords.unsuccessfulbuild".
         Touching "Debug\MatchWords.lastbuildstate".
     1>Done Building Project "C:\Projects\MatchWords\MatchWords.vcxproj" (build target(s)).

Build succeeded.

Time Elapsed 00:00:01.18
