Build started 10/21/2015 10:54:41 AM.
     1>Project "C:\Projects\MatchWords\MatchWords.vcxproj" on node 2 (build target(s)).
     1>InitializeBuildStatus:
         Creating "Release\MatchWords.unsuccessfulbuild" because "AlwaysCreate" was specified.
       ClCompile:
         c:\Program Files (x86)\Microsoft Visual Studio 10.0\VC\bin\CL.exe /c /Zi /nologo /W3 /WX- /O2 /Oi /Oy- /GL /D WIN32 /D NDEBUG /D _CONSOLE /D _UNICODE /D UNICODE /Gm- /EHsc /MD /GS /Gy /fp:precise /Zc:wchar_t /Zc:forScope /Fo"Release\\" /Fd"Release\vc100.pdb" /Gd /TP /analyze- /errorReport:prompt MatchWords.cpp
         MatchWords.cpp
       Link:
         c:\Program Files (x86)\Microsoft Visual Studio 10.0\VC\bin\link.exe /ERRORREPORT:PROMPT /OUT:"C:\Projects\MatchWords\Release\MatchWords.exe" /INCREMENTAL:NO /NOLOGO kernel32.lib user32.lib gdi32.lib winspool.lib comdlg32.lib advapi32.lib shell32.lib ole32.lib oleaut32.lib uuid.lib odbc32.lib odbccp32.lib /MANIFEST /ManifestFile:"Release\MatchWords.exe.intermediate.manifest" /MANIFESTUAC:"level='asInvoker' uiAccess='false'" /DEBUG /PDB:"C:\Projects\MatchWords\Release\MatchWords.pdb" /SUBSYSTEM:CONSOLE /OPT:REF /OPT:ICF /LTCG /TLBID:1 /DYNAMICBASE /NXCOMPAT /IMPLIB:"C:\Projects\MatchWords\Release\MatchWords.lib" /MACHINE:X86 Release\IWlist.obj
         Release\MatchWords.obj
         Generating code
         Finished generating code
         MatchWords.vcxproj -> C:\Projects\MatchWords\Release\MatchWords.exe
       Manifest:
         c:\Program Files (x86)\Microsoft SDKs\Windows\v7.0A\bin\mt.exe /nologo /verbose /outputresource:"C:\Projects\MatchWords\Release\MatchWords.exe;#1" /manifest Release\MatchWords.exe.intermediate.manifest
       FinalizeBuildStatus:
         Deleting file "Release\MatchWords.unsuccessfulbuild".
         Touching "Release\MatchWords.lastbuildstate".
     1>Done Building Project "C:\Projects\MatchWords\MatchWords.vcxproj" (build target(s)).

Build succeeded.

Time Elapsed 00:00:02.26
