Build started 10/29/2015 5:42:52 PM.
     1>Project "C:\stonixProjects\SortedList\SortedList.vcxproj" on node 2 (build target(s)).
     1>InitializeBuildStatus:
         Creating "Debug\SortedList.unsuccessfulbuild" because "AlwaysCreate" was specified.
       ClCompile:
         c:\Program Files (x86)\Microsoft Visual Studio 10.0\VC\bin\CL.exe /c /ZI /nologo /W3 /WX- /Od /Oy- /D WIN32 /D _DEBUG /D _CONSOLE /D _UNICODE /D UNICODE /Gm /EHsc /RTC1 /MDd /GS /fp:precise /Zc:wchar_t /Zc:forScope /Fo"Debug\\" /Fd"Debug\vc100.pdb" /Gd /TP /analyze- /errorReport:prompt SortedList.cpp
         SortedList.cpp
       ManifestResourceCompile:
         All outputs are up-to-date.
       Link:
         c:\Program Files (x86)\Microsoft Visual Studio 10.0\VC\bin\link.exe /ERRORREPORT:PROMPT /OUT:"C:\stonixProjects\SortedList\Debug\SortedList.exe" /INCREMENTAL /NOLOGO kernel32.lib user32.lib gdi32.lib winspool.lib comdlg32.lib advapi32.lib shell32.lib ole32.lib oleaut32.lib uuid.lib odbc32.lib odbccp32.lib /MANIFEST /ManifestFile:"Debug\SortedList.exe.intermediate.manifest" /MANIFESTUAC:"level='asInvoker' uiAccess='false'" /DEBUG /PDB:"C:\stonixProjects\SortedList\Debug\SortedList.pdb" /SUBSYSTEM:CONSOLE /TLBID:1 /DYNAMICBASE /NXCOMPAT /IMPLIB:"C:\stonixProjects\SortedList\Debug\SortedList.lib" /MACHINE:X86 Debug\SortedList.exe.embed.manifest.res
         Debug\SortedList.obj
       Manifest:
         c:\Program Files (x86)\Microsoft SDKs\Windows\v7.0A\bin\mt.exe /nologo /verbose /out:"Debug\SortedList.exe.embed.manifest" /manifest Debug\SortedList.exe.intermediate.manifest
         All outputs are up-to-date.
       LinkEmbedManifest:
         All outputs are up-to-date.
         SortedList.vcxproj -> C:\stonixProjects\SortedList\Debug\SortedList.exe
       FinalizeBuildStatus:
         Deleting file "Debug\SortedList.unsuccessfulbuild".
         Touching "Debug\SortedList.lastbuildstate".
     1>Done Building Project "C:\stonixProjects\SortedList\SortedList.vcxproj" (build target(s)).

Build succeeded.

Time Elapsed 00:00:01.28
